CoudiglGz85GfucZJ2iUaZ9hPWfZtBPU2IuRavlxzo4= | 2025-04-04 11:05:05 | User: 1 | Action: Balance Inquiry | Status: Success
a+dwsWcRZsEJ9P6+450L/+o1KKVkQYNdf9PmDETIvFk= | 2025-04-04 18:48:28 | User: marcus | Action: Balance Inquiry | Status: Success
XOEZyrK0ai7AFGuZoafxgqxB2GEkqMnkUfPCXgNRegw= | 2025-04-04 18:56:23 | User: marcus | Action: Balance Inquiry | Status: Success
qXnagpfFKrM0diOb2upUzh3HheZHnBjEYaL7Mn0IviQ= | 2025-04-04 18:56:26 | User: marcus | Action: Deposit | Amount: $10.0 | Status: Success
YfOBt2jRw6j2bNnPaDo7tmif2UQry4aG9fDDPKaMJ00= | 2025-04-04 18:56:30 | User: marcus | Action: Balance Inquiry | Status: Success
CnUkPu9RKSOfAE+ZXapJeWu0MVL1cZKKDZcDOG9Apjo= | 2025-04-04 18:56:37 | User: marcus | Action: Deposit | Amount: $20.0 | Status: Success
QyR8A/1gt4zaQBipgIy7uDtkeW2ba6LoyBiUtY6Nyig= | 2025-04-04 18:56:41 | User: marcus | Action: Withdrawal | Amount: $30.0 | Status: Success
z07K05nx52CCpJsl179Bakz8m6JTHbcW1xN/ZYH50bU= | 2025-04-04 18:56:43 | User: marcus | Action: Balance Inquiry | Status: Success
50ufxgv2LbPwuIkT7HZHqfLZdHFklPuLFqcIPEzE5xE= | 2025-04-04 18:57:49 | User: marcus | Action: Deposit | Amount: $30.0 | Status: Success
TKHSPsq6rKDxfxYeA7tohL5AuR5jjdO2QvDcoBIx+Zk= | 2025-04-04 18:57:50 | User: marcus | Action: Balance Inquiry | Status: Success
LI1e8lrWX3sXn2ocQGP3fNQ/vBnEzEwVc0Aaic2sdCs= | 2025-04-04 19:03:24 | User: marcus | Action: Balance Inquiry | Status: Success
iQhllo/Nxaly974pfvGKIthkPneDdEN/IYMndGZa81k= | 2025-04-04 19:03:35 | User: marcus | Action: Deposit | Amount: $10.0 | Status: Success
NOLPcDUt2Oy1G7R05s18h91tt21FK1x4TK4wl84loHo= | 2025-04-04 19:03:36 | User: marcus | Action: Balance Inquiry | Status: Success
m5ufMLHXrpFu2SniXqK7RXOeqzx3hnE6IlbhPBTVNNs= | 2025-04-04 19:03:50 | User: sina | Action: Balance Inquiry | Status: Success
lD4U1Du2cER6/Lk8kjfHW/u3Afq+kO+8Bbd1Z1N42n0= | 2025-04-04 19:03:55 | User: sina | Action: Deposit | Amount: $20.0 | Status: Success
E/rvKmwP71bLzUBs5STFtRVhGC13zcw2NIc7ODKV7Hk= | 2025-04-04 19:03:59 | User: sina | Action: Withdrawal | Amount: $10.0 | Status: Success
sVArsztk4q21tm24qMwoQRAZnmhvMSXO17Ln63Xjs74= | 2025-04-04 19:06:26 | User: nathan | Action: Deposit | Status: Success
e5kMeNyY7hnp8zzlYCfvnfyjzZYOfCzeOwblDsfknIY= | 2025-04-04 19:09:02 | User: marcus | Action: Balance Inquiry | Status: Success
GU8tJtns6ucYxfdAaTPPdvloyDpS7cR8FSVMHWQD3BY= | 2025-04-04 19:09:09 | User: marcus | Action: Withdrawal | Amount: $10.0 | Status: Failed - Insufficient Funds
G2h9eSoJudyKSZtVCznjLd+VYl8b09HQkWcZZQugddo= | 2025-04-04 19:09:12 | User: marcus | Action: Deposit | Amount: $10.0 | Status: Success
1VzhoTJ5nIyOlZES15eqnBMhK6ly7I8bxyCVzYPXWzQ= | 2025-04-04 19:09:13 | User: marcus | Action: Withdrawal | Amount: $10.0 | Status: Success
fjYg+rc4PudIrOhwOyC1at62j+G9xio2hlE23egaRkk= | 2025-04-04 19:09:14 | User: marcus | Action: Balance Inquiry | Status: Success
C5fd+8jnCX6o6tmQvEFd85Hk7EmFCIc4DkuY/41Tt2E= | 2025-04-04 19:19:32 | User: marcus | Action: Balance Inquiry | Status: Success
LUYdA3cY2YFtPZTNxf6U4aCS/9NLsCR/ZzIDaSqTPA0= | 2025-04-04 19:20:31 | User: marcus | Action: Balance Inquiry | Status: Success
8OBsMH2XREEVLfJ9mu/D4sg9vTcyuqZmXHGlMOo3ytk= | 2025-04-07 11:01:53 | User: test | Action: Balance Inquiry | Status: Success
S6QE9tWACQWih/pgjpZhdcvmpDnurQYvUhmQu/CG728= | 2025-04-07 16:19:46 | User: marcus | Action: Deposit | Amount: $10.0 | Status: Success
0yBVYT66Vc0JKCn15gind6SKwi9H0ql9LSGtWfPEmvE= | 2025-04-07 16:19:49 | User: marcus | Action: Withdrawal | Amount: $20.0 | Status: Failed - Insufficient Funds
TE5k04jRpQYAvMnYsv89PpKpIx1RwXiKSlvte1nLJtE= | 2025-04-07 16:19:55 | User: marcus | Action: Deposit | Amount: $10.0 | Status: Success
WMQTfwBfgjkJzkTkI/c4byyJlU7xnpZSWMCD/5w9dxQ= | 2025-04-07 16:19:57 | User: marcus | Action: Withdrawal | Amount: $20.0 | Status: Success
kpDNawuHxXbbi6htxGwnpVYKDsaSCMsZZHi4FocooEA= | 2025-04-07 16:20:00 | User: marcus | Action: Balance Inquiry | Status: Success
icb9ap5VZAUZBCKFffz3MJaCdA6wy/n8wHP924k32xA= | 2025-04-07 17:08:39 | User: marcus | Action: Deposit | Amount: $30.0 | Status: Success
JnMi9RTL+2pB2hki+VtYl6QBR6bcLR+1rpK5ulA5ZY8= | 2025-04-07 17:16:18 | User: marcus | Action: Balance Inquiry | Status: Success
n0BqWthrf9Gkk6bjSEEqWTSOgfMjXVSZvxMPzzjPpCo= | 2025-04-07 17:20:01 | User: user1 | Action: Balance Inquiry | Status: Success
r4XohYJkDoQQrL6KmHo4SXYQxMiJEXzigKqQnUhyi8o= | 2025-04-07 17:20:13 | User: user1 | Action: Deposit | Amount: $10.0 | Status: Success
+YIZIoemjO8FqzC+T6IgPps20PMWyb+IMUV6FKQ+JbI= | 2025-04-07 17:20:16 | User: user1 | Action: Balance Inquiry | Status: Success
hcRgz6lbk3t0f8/q9wvI2Zt6c2CZGywWqNHn6CFyMxA= | 2025-04-07 17:20:21 | User: user1 | Action: Withdrawal | Amount: $20.0 | Status: Failed - Insufficient Funds
W2QKL2uq+wau8BXn0XBnkIgCl9OQb0+eHwojIpSjIUM= | 2025-04-07 17:20:25 | User: user1 | Action: Withdrawal | Amount: $10.0 | Status: Success
N2M3HdQtAk5NG8YL7KA6QNAa/SuzzDuuSsHhb5PK7Y0= | 2025-04-07 17:20:36 | User: user2 | Action: Deposit | Amount: $30.0 | Status: Success
GEmidFCZV/sCj/4JpCXTd+iAIHg2ILDIBqL63hmcouU= | 2025-04-07 17:20:38 | User: user2 | Action: Balance Inquiry | Status: Success
O47oHBY3VgDyuufrN7NVsCcq5rh5J/07e7wbFaA5oXg= | 2025-04-07 17:20:42 | User: user2 | Action: Withdrawal | Amount: $15.0 | Status: Success
a38mh/eVTIVZarK7/CyzaxO+LcBB12pO6eHZRZpT3b8= | 2025-04-07 17:20:44 | User: user2 | Action: Balance Inquiry | Status: Success
Hjl+hfasKW2uY0Rvnmi3Vvy7z84+e5tj4DEembGPLqE= | 2025-04-07 17:20:49 | User: user2 | Action: Withdrawal | Amount: $20.0 | Status: Failed - Insufficient Funds
e8jahH/03Y/QkliPnhUUlkc3+cH2sjDsIRsquOHc4Yo= | 2025-04-07 20:16:23 | User: user1 | Action: Balance Inquiry | Status: Success
0cCQc9rgpPkv0ZkVGZGJ4K2UUzp01kwrqhHAzZsWUlo= | 2025-04-07 20:16:33 | User: user1 | Action: Deposit | Amount: $30.0 | Status: Success
wNlPhy38IIOdB/u3Z04EPYG2Sxq+zCS2qRqrOuX4hds= | 2025-04-07 20:16:35 | User: user1 | Action: Balance Inquiry | Status: Success
enZAtkPWSMJEFRffYl7QWHJxEookc1u1rXPHyE9zzvk= | 2025-04-11 11:42:56 | User: marcus | Action: Balance Inquiry | Status: Success
sab4QfBoDVmOc5bKvtCCZ2c3UgEPjB6yBaVmJESBSrM= | 2025-04-11 11:42:59 | User: marcus | Action: Deposit | Amount: $13.0 | Status: Success
VxFGqjp6mHJxwfhTgF0o8Sw3I7i3e/8IjUW/Wpd2HP0= | 2025-04-11 11:43:01 | User: marcus | Action: Balance Inquiry | Status: Success
9i4xxxdoGgfxIfs6G57+I0HWDb8iEQOyB7HczDVWZSI= | 2025-04-11 11:43:04 | User: marcus | Action: Withdrawal | Amount: $5.0 | Status: Success
pIR3TIzv0Eu+lJBBSYGM9c8I/C90YSQA5UeYuFUPnms= | 2025-04-11 11:43:12 | User: marcus | Action: Balance Inquiry | Status: Success
